yarn run v1.22.19
$ next build
- info Creating an optimized production build...
- info Compiled successfully
- info Linting and checking validity of types...
- info Collecting page data...
- info Generating static pages (0/5)
- info Generating static pages (1/5)
- info Generating static pages (2/5)
- info Generating static pages (3/5)
- info Generating static pages (5/5)
- info Finalizing page optimization...

Route (app)                                Size     First Load JS
┌ ○ /                                      4.78 kB        81.9 kB
├ ○ /about                                 137 B          77.3 kB
└ ○ /favicon.ico                           0 B                0 B
+ First Load JS shared by all              77.2 kB
  ├ chunks/2443530c-d4a6bd7fc7f21e3c.js    50.5 kB
  ├ chunks/488-b4b91b085767513b.js         24.7 kB
  ├ chunks/main-app-dd1869c23332ed5a.js    215 B
  └ chunks/webpack-11009e3f7f3b7fcf.js     1.68 kB

Route (pages)                              Size     First Load JS
─ ○ /404                                   181 B          74.7 kB
+ First Load JS shared by all              74.6 kB
  ├ chunks/framework-8883d1e9be70c3da.js   45.1 kB
  ├ chunks/main-3f2d025144dc2872.js        27.6 kB
  ├ chunks/pages/_app-b555d5e1eab47959.js  195 B
  └ chunks/webpack-11009e3f7f3b7fcf.js     1.68 kB

○  (Static)  automatically rendered as static HTML (uses no initial props)

Done in 4.91s.
